0 silly argv {
0 silly argv   _: [ 'run' ],
0 silly argv   scope: 'algoliasearch',
0 silly argv   lernaVersion: '7.1.3',
0 silly argv   '$0': 'node_modules/lerna/dist/cli.js',
0 silly argv   script: 'build'
0 silly argv }
1 notice cli v7.1.3
2 verbose packageConfigs Explicit "packages" configuration found in lerna.json. Resolving packages using the configured glob(s): ["packages/*"]
3 verbose rootPath /Users/clement.vannicate/Documents/api-clients-automation/clients/algoliasearch-client-javascript
4 error Error: Cannot find module '@nx/nx-darwin-x64'
4 error Require stack:
4 error - /Users/clement.vannicate/Documents/api-clients-automation/clients/algoliasearch-client-javascript/node_modules/lerna/node_modules/nx/src/native/index.js
4 error - /Users/clement.vannicate/Documents/api-clients-automation/clients/algoliasearch-client-javascript/node_modules/lerna/node_modules/nx/src/project-graph/utils/retrieve-workspace-files.js
4 error - /Users/clement.vannicate/Documents/api-clients-automation/clients/algoliasearch-client-javascript/node_modules/lerna/node_modules/nx/src/project-graph/project-graph.js
4 error - /Users/clement.vannicate/Documents/api-clients-automation/clients/algoliasearch-client-javascript/node_modules/lerna/node_modules/nx/src/project-graph/file-utils.js
4 error - /Users/clement.vannicate/Documents/api-clients-automation/clients/algoliasearch-client-javascript/node_modules/lerna/node_modules/nx/src/devkit-exports.js
4 error - /Users/clement.vannicate/Documents/api-clients-automation/clients/algoliasearch-client-javascript/node_modules/lerna/node_modules/@nx/devkit/index.js
4 error - /Users/clement.vannicate/Documents/api-clients-automation/clients/algoliasearch-client-javascript/node_modules/lerna/dist/index.js
4 error - /Users/clement.vannicate/Documents/api-clients-automation/clients/algoliasearch-client-javascript/node_modules/lerna/dist/cli.js
4 error     at Module._resolveFilename (node:internal/modules/cjs/loader:1077:15)
4 error     at Module._load (node:internal/modules/cjs/loader:922:27)
4 error     at Module.require (node:internal/modules/cjs/loader:1143:19)
4 error     at require (node:internal/modules/cjs/helpers:110:18)
4 error     at Object.<anonymous> (/Users/clement.vannicate/Documents/api-clients-automation/clients/algoliasearch-client-javascript/node_modules/lerna/node_modules/nx/src/native/index.js:121:29)
4 error     at Module._compile (node:internal/modules/cjs/loader:1256:14)
4 error     at Module._extensions..js (node:internal/modules/cjs/loader:1310:10)
4 error     at Module.load (node:internal/modules/cjs/loader:1119:32)
4 error     at Module._load (node:internal/modules/cjs/loader:960:12)
